<?xml version="1.0" encoding="UTF-8"?>
<!-- Generated by org.testng.reporters.JUnitXMLReporter -->
<testsuite hostname="Hariesh" failures="1" tests="2" name="Test" time="33.846" errors="0" timestamp="18 Jul 2021 10:11:02 GMT">
  <testcase classname="com.Pageobjects.automation.Loginpage" name="@AfterTest teardown" time="0.0">
    <failure type="java.lang.NullPointerException" message="Cannot invoke &amp;quot;org.openqa.selenium.WebDriver.close()&amp;quot; because &amp;quot;com.Testcases.automation.website.Testcase1.driver&amp;quot; is null">
      <![CDATA[java.lang.NullPointerException: Cannot invoke "org.openqa.selenium.WebDriver.close()" because "com.Testcases.automation.website.Testcase1.driver" is null
	at com.Testcases.automation.website.Testcase1.teardown(Testcase1.java:28)
... Removed 22 stack frames]]>
    </failure>
  </testcase> <!-- @AfterTest teardown -->
  <testcase classname="com.Pageobjects.automation.Loginpage" name="loginpage" time="25.612"/>
  <testcase classname="com.Pageobjects.automation.Testsite" name="Test1" time="0.01">
    <failure type="java.lang.NullPointerException" message="Cannot invoke &amp;quot;org.openqa.selenium.WebDriver.get(String)&amp;quot; because the return value of &amp;quot;com.Pageobjects.automation.Testsite.getdDriver()&amp;quot; is null">
      <![CDATA[java.lang.NullPointerException: Cannot invoke "org.openqa.selenium.WebDriver.get(String)" because the return value of "com.Pageobjects.automation.Testsite.getdDriver()" is null
	at com.Pageobjects.automation.Testsite.Test1(Testsite.java:15)
... Removed 24 stack frames]]>
    </failure>
  </testcase> <!-- Test1 -->
</testsuite> <!-- Test -->
