<?xml version="1.0" encoding="UTF-8"?>
<testng-results total="1" passed="1" failed="0" skipped="0">
  <reporter-output>
  </reporter-output>
  <suite started-at="2021-07-21T15:19:28Z" name="Default suite" finished-at="2021-07-21T15:19:44Z" duration-ms="16101">
    <groups>
    </groups>
    <test started-at="2021-07-21T15:19:28Z" name="Default test" finished-at="2021-07-21T15:19:44Z" duration-ms="16101">
      <class name="Newtestcases.Tabhandle">
        <test-method signature="tab()[pri:0, instance:Newtestcases.Tabhandle@2ddc9a9f]" started-at="2021-07-21T20:49:28Z" name="tab" finished-at="2021-07-21T20:49:44Z" duration-ms="16057" status="PASS">
          <reporter-output>
          </reporter-output>
        </test-method> <!-- tab -->
      </class> <!-- Newtestcases.Tabhandle -->
    </test> <!-- Default test -->
  </suite> <!-- Default suite -->
</testng-results>
